{"/Users/john/codefellows/javascript-401/curriculum/01-node-ecosystem/lab/solution/lib/arithmetic.js": {"path":"/Users/john/codefellows/javascript-401/curriculum/01-node-ecosystem/lab/solution/lib/arithmetic.js","statementMap":{"0":{"start":{"line":3,"column":17},"end":{"line":3,"column":36}},"1":{"start":{"line":5,"column":0},"end":{"line":7,"column":2}},"2":{"start":{"line":6,"column":2},"end":{"line":6,"column":42}},"3":{"start":{"line":9,"column":0},"end":{"line":11,"column":2}},"4":{"start":{"line":10,"column":2},"end":{"line":10,"column":42}},"5":{"start":{"line":16,"column":2},"end":{"line":16,"column":63}},"6":{"start":{"line":20,"column":2},"end":{"line":20,"column":31}},"7":{"start":{"line":24,"column":2},"end":{"line":24,"column":37}}},"fnMap":{"0":{"name":"(anonymous_0)","decl":{"start":{"line":5,"column":17},"end":{"line":5,"column":18}},"loc":{"start":{"line":5,"column":31},"end":{"line":7,"column":1}},"line":5},"1":{"name":"(anonymous_1)","decl":{"start":{"line":9,"column":22},"end":{"line":9,"column":23}},"loc":{"start":{"line":9,"column":37},"end":{"line":11,"column":1}},"line":9},"2":{"name":"validArguments","decl":{"start":{"line":15,"column":9},"end":{"line":15,"column":23}},"loc":{"start":{"line":15,"column":33},"end":{"line":17,"column":1}},"line":15},"3":{"name":"allValuesNumeric","decl":{"start":{"line":19,"column":9},"end":{"line":19,"column":25}},"loc":{"start":{"line":19,"column":32},"end":{"line":21,"column":1}},"line":19},"4":{"name":"isNumeric","decl":{"start":{"line":23,"column":9},"end":{"line":23,"column":18}},"loc":{"start":{"line":23,"column":28},"end":{"line":25,"column":1}},"line":23}},"branchMap":{"0":{"loc":{"start":{"line":6,"column":9},"end":{"line":6,"column":41}},"type":"cond-expr","locations":[{"start":{"line":6,"column":31},"end":{"line":6,"column":34}},{"start":{"line":6,"column":37},"end":{"line":6,"column":41}}],"line":6},"1":{"loc":{"start":{"line":10,"column":9},"end":{"line":10,"column":41}},"type":"cond-expr","locations":[{"start":{"line":10,"column":31},"end":{"line":10,"column":34}},{"start":{"line":10,"column":37},"end":{"line":10,"column":41}}],"line":10},"2":{"loc":{"start":{"line":16,"column":9},"end":{"line":16,"column":62}},"type":"binary-expr","locations":[{"start":{"line":16,"column":10},"end":{"line":16,"column":26}},{"start":{"line":16,"column":30},"end":{"line":16,"column":52}},{"start":{"line":16,"column":57},"end":{"line":16,"column":62}}],"line":16}},"s":{"0":1,"1":1,"2":5,"3":1,"4":7,"5":12,"6":12,"7":18},"f":{"0":5,"1":7,"2":12,"3":12,"4":18},"b":{"0":[1,4],"1":[3,4],"2":[12,12,8]},"_coverageSchema":"332fd63041d2c1bcb487cc26dd0d5f7d97098a6c","hash":"d8d3c752aef799d70d00dd91f21e44e7719586e9"}
,"/Users/john/codefellows/javascript-401/curriculum/01-node-ecosystem/lab/solution/lib/greet.js": {"path":"/Users/john/codefellows/javascript-401/curriculum/01-node-ecosystem/lab/solution/lib/greet.js","statementMap":{"0":{"start":{"line":3,"column":0},"end":{"line":7,"column":2}},"1":{"start":{"line":4,"column":2},"end":{"line":4,"column":43}},"2":{"start":{"line":4,"column":29},"end":{"line":4,"column":41}},"3":{"start":{"line":5,"column":2},"end":{"line":5,"column":53}},"4":{"start":{"line":5,"column":39},"end":{"line":5,"column":51}},"5":{"start":{"line":6,"column":2},"end":{"line":6,"column":27}},"6":{"start":{"line":10,"column":2},"end":{"line":10,"column":19}}},"fnMap":{"0":{"name":"(anonymous_0)","decl":{"start":{"line":3,"column":17},"end":{"line":3,"column":18}},"loc":{"start":{"line":3,"column":30},"end":{"line":7,"column":1}},"line":3},"1":{"name":"greet","decl":{"start":{"line":9,"column":9},"end":{"line":9,"column":14}},"loc":{"start":{"line":9,"column":17},"end":{"line":11,"column":1}},"line":9}},"branchMap":{"0":{"loc":{"start":{"line":4,"column":2},"end":{"line":4,"column":43}},"type":"if","locations":[{"start":{"line":4,"column":2},"end":{"line":4,"column":43}},{"start":{"line":4,"column":2},"end":{"line":4,"column":43}}],"line":4},"1":{"loc":{"start":{"line":5,"column":2},"end":{"line":5,"column":53}},"type":"if","locations":[{"start":{"line":5,"column":2},"end":{"line":5,"column":53}},{"start":{"line":5,"column":2},"end":{"line":5,"column":53}}],"line":5}},"s":{"0":1,"1":8,"2":2,"3":6,"4":5,"5":1,"6":1},"f":{"0":8,"1":1},"b":{"0":[2,6],"1":[5,1]},"_coverageSchema":"332fd63041d2c1bcb487cc26dd0d5f7d97098a6c","hash":"a7fd0c3f98bbd6e4c0460082f3ea84fa37c82ae7"}
}
