TN:
SF:/Users/john/codefellows/javascript-401/curriculum/01-node-ecosystem/lab/solution/lib/arithmetic.js
FN:5,(anonymous_0)
FN:9,(anonymous_1)
FN:15,validArguments
FN:19,allValuesNumeric
FN:23,isNumeric
FNF:5
FNH:5
FNDA:5,(anonymous_0)
FNDA:7,(anonymous_1)
FNDA:12,validArguments
FNDA:12,allValuesNumeric
FNDA:18,isNumeric
DA:3,1
DA:5,1
DA:6,5
DA:9,1
DA:10,7
DA:16,12
DA:20,12
DA:24,18
LF:8
LH:8
BRDA:6,0,0,1
BRDA:6,0,1,4
BRDA:10,1,0,3
BRDA:10,1,1,4
BRDA:16,2,0,12
BRDA:16,2,1,12
BRDA:16,2,2,8
BRF:7
BRH:7
end_of_record
TN:
SF:/Users/john/codefellows/javascript-401/curriculum/01-node-ecosystem/lab/solution/lib/greet.js
FN:3,(anonymous_0)
FN:9,greet
FNF:2
FNH:2
FNDA:8,(anonymous_0)
FNDA:1,greet
DA:3,1
DA:4,8
DA:5,6
DA:6,1
DA:10,1
LF:5
LH:5
BRDA:4,0,0,2
BRDA:4,0,1,6
BRDA:5,1,0,5
BRDA:5,1,1,1
BRF:4
BRH:4
end_of_record
