<?xml version="1.0" encoding="UTF-8"?>
<coverage generated="1538182419403" clover="3.2.0">
  <project timestamp="1538182419403" name="All files">
    <metrics statements="7" coveredstatements="6" conditionals="4" coveredconditionals="4" methods="2" coveredmethods="1" elements="13" coveredelements="11" complexity="0" loc="7" ncloc="7" packages="1" files="1" classes="1">
      <file name="hello.js" path="/Users/john/codefellows/javascript-401/curriculum/01-node-ecosystem/demo/hello-world-tested/lib/hello.js">
        <metrics statements="7" coveredstatements="6" conditionals="4" coveredconditionals="4" methods="2" coveredmethods="1"/>
        <line num="4" count="1" type="stmt"/>
        <line num="11" count="1" type="stmt"/>
        <line num="12" count="6" type="cond" truecount="2" falsecount="0"/>
        <line num="13" count="4" type="cond" truecount="2" falsecount="0"/>
        <line num="14" count="1" type="stmt"/>
        <line num="21" count="1" type="stmt"/>
        <line num="22" count="0" type="stmt"/>
      </file>
    </metrics>
  </project>
</coverage>
