{"/Users/john/codefellows/javascript-401/curriculum/01-node-ecosystem/demo/hello-world-tested/lib/hello.js": {"path":"/Users/john/codefellows/javascript-401/curriculum/01-node-ecosystem/demo/hello-world-tested/lib/hello.js","statementMap":{"0":{"start":{"line":4,"column":0},"end":{"line":4,"column":30}},"1":{"start":{"line":11,"column":0},"end":{"line":15,"column":2}},"2":{"start":{"line":12,"column":2},"end":{"line":12,"column":40}},"3":{"start":{"line":12,"column":26},"end":{"line":12,"column":38}},"4":{"start":{"line":13,"column":2},"end":{"line":13,"column":52}},"5":{"start":{"line":13,"column":38},"end":{"line":13,"column":50}},"6":{"start":{"line":14,"column":2},"end":{"line":14,"column":29}},"7":{"start":{"line":21,"column":0},"end":{"line":23,"column":2}},"8":{"start":{"line":22,"column":2},"end":{"line":22,"column":19}}},"fnMap":{"0":{"name":"(anonymous_0)","decl":{"start":{"line":11,"column":19},"end":{"line":11,"column":20}},"loc":{"start":{"line":11,"column":32},"end":{"line":15,"column":1}},"line":11},"1":{"name":"(anonymous_1)","decl":{"start":{"line":21,"column":21},"end":{"line":21,"column":22}},"loc":{"start":{"line":21,"column":27},"end":{"line":23,"column":1}},"line":21}},"branchMap":{"0":{"loc":{"start":{"line":12,"column":2},"end":{"line":12,"column":40}},"type":"if","locations":[{"start":{"line":12,"column":2},"end":{"line":12,"column":40}},{"start":{"line":12,"column":2},"end":{"line":12,"column":40}}],"line":12},"1":{"loc":{"start":{"line":13,"column":2},"end":{"line":13,"column":52}},"type":"if","locations":[{"start":{"line":13,"column":2},"end":{"line":13,"column":52}},{"start":{"line":13,"column":2},"end":{"line":13,"column":52}}],"line":13}},"s":{"0":1,"1":1,"2":6,"3":2,"4":4,"5":3,"6":1,"7":1,"8":0},"f":{"0":6,"1":0},"b":{"0":[2,4],"1":[3,1]},"_coverageSchema":"332fd63041d2c1bcb487cc26dd0d5f7d97098a6c","hash":"8ff8b66fc63bf0c1089ef416b1745150a3338da1"}
}
